CRITICAL - 2025-08-30 13:48:54 --> Undefined property: CodeIgniter\View\View::$load
#0 G:\OSPanel_6.0.0\home\qmahp.local\app\Views\frontend\homepage\common\header.php(85): CodeIgniter\Debug\Exceptions->errorHandler(8, 'Undefined prope...', 'G:\\OSPanel_6.0....', 85, Array)
#1 G:\OSPanel_6.0.0\home\qmahp.local\vendor\codeigniter4\framework\system\View\View.php(246): include('G:\\OSPanel_6.0....')
#2 G:\OSPanel_6.0.0\home\qmahp.local\vendor\codeigniter4\framework\system\Common.php(1119): CodeIgniter\View\View->render('frontend/homepa...', Array, true)
#3 G:\OSPanel_6.0.0\home\qmahp.local\app\Views\frontend\homepage\layout\home.php(69): view('frontend/homepa...')
#4 G:\OSPanel_6.0.0\home\qmahp.local\vendor\codeigniter4\framework\system\View\View.php(246): include('G:\\OSPanel_6.0....')
#5 G:\OSPanel_6.0.0\home\qmahp.local\vendor\codeigniter4\framework\system\Common.php(1119): CodeIgniter\View\View->render('frontend/homepa...', Array, true)
#6 G:\OSPanel_6.0.0\home\qmahp.local\app\Controllers\Frontend\Homepage\Home.php(104): view('frontend/homepa...', Array)
#7 G:\OSPanel_6.0.0\home\qmahp.local\vendor\codeigniter4\framework\system\CodeIgniter.php(918): App\Controllers\Frontend\Homepage\Home->index()
#8 G:\OSPanel_6.0.0\home\qmahp.local\vendor\codeigniter4\framework\system\CodeIgniter.php(404): CodeIgniter\CodeIgniter->runController(Object(App\Controllers\Frontend\Homepage\Home))
#9 G:\OSPanel_6.0.0\home\qmahp.local\vendor\codeigniter4\framework\system\CodeIgniter.php(312): CodeIgniter\CodeIgniter->handleRequest(NULL, Object(Config\Cache), false)
#10 G:\OSPanel_6.0.0\home\qmahp.local\index.php(47): CodeIgniter\CodeIgniter->run()
#11 {main}
CRITICAL - 2025-08-30 13:55:47 --> Undefined property: CodeIgniter\View\View::$general
#0 G:\OSPanel_6.0.0\home\qmahp.local\app\Views\frontend\homepage\common\header.php(52): CodeIgniter\Debug\Exceptions->errorHandler(8, 'Undefined prope...', 'G:\\OSPanel_6.0....', 52, Array)
#1 G:\OSPanel_6.0.0\home\qmahp.local\vendor\codeigniter4\framework\system\View\View.php(246): include('G:\\OSPanel_6.0....')
#2 G:\OSPanel_6.0.0\home\qmahp.local\vendor\codeigniter4\framework\system\Common.php(1119): CodeIgniter\View\View->render('frontend/homepa...', Array, true)
#3 G:\OSPanel_6.0.0\home\qmahp.local\app\Views\frontend\homepage\layout\home.php(69): view('frontend/homepa...')
#4 G:\OSPanel_6.0.0\home\qmahp.local\vendor\codeigniter4\framework\system\View\View.php(246): include('G:\\OSPanel_6.0....')
#5 G:\OSPanel_6.0.0\home\qmahp.local\vendor\codeigniter4\framework\system\Common.php(1119): CodeIgniter\View\View->render('frontend/homepa...', Array, true)
#6 G:\OSPanel_6.0.0\home\qmahp.local\app\Controllers\Frontend\Homepage\Home.php(104): view('frontend/homepa...', Array)
#7 G:\OSPanel_6.0.0\home\qmahp.local\vendor\codeigniter4\framework\system\CodeIgniter.php(918): App\Controllers\Frontend\Homepage\Home->index()
#8 G:\OSPanel_6.0.0\home\qmahp.local\vendor\codeigniter4\framework\system\CodeIgniter.php(404): CodeIgniter\CodeIgniter->runController(Object(App\Controllers\Frontend\Homepage\Home))
#9 G:\OSPanel_6.0.0\home\qmahp.local\vendor\codeigniter4\framework\system\CodeIgniter.php(312): CodeIgniter\CodeIgniter->handleRequest(NULL, Object(Config\Cache), false)
#10 G:\OSPanel_6.0.0\home\qmahp.local\index.php(47): CodeIgniter\CodeIgniter->run()
#11 {main}
CRITICAL - 2025-08-30 13:55:47 --> Undefined property: CodeIgniter\View\View::$general
#0 G:\OSPanel_6.0.0\home\qmahp.local\app\Views\frontend\homepage\common\header.php(52): CodeIgniter\Debug\Exceptions->errorHandler(8, 'Undefined prope...', 'G:\\OSPanel_6.0....', 52, Array)
#1 G:\OSPanel_6.0.0\home\qmahp.local\vendor\codeigniter4\framework\system\View\View.php(246): include('G:\\OSPanel_6.0....')
#2 G:\OSPanel_6.0.0\home\qmahp.local\vendor\codeigniter4\framework\system\Common.php(1119): CodeIgniter\View\View->render('frontend/homepa...', Array, true)
#3 G:\OSPanel_6.0.0\home\qmahp.local\app\Views\frontend\homepage\layout\home.php(69): view('frontend/homepa...')
#4 G:\OSPanel_6.0.0\home\qmahp.local\vendor\codeigniter4\framework\system\View\View.php(246): include('G:\\OSPanel_6.0....')
#5 G:\OSPanel_6.0.0\home\qmahp.local\vendor\codeigniter4\framework\system\Common.php(1119): CodeIgniter\View\View->render('frontend/homepa...', Array, true)
#6 G:\OSPanel_6.0.0\home\qmahp.local\app\Controllers\Frontend\Homepage\Home.php(104): view('frontend/homepa...', Array)
#7 G:\OSPanel_6.0.0\home\qmahp.local\vendor\codeigniter4\framework\system\CodeIgniter.php(918): App\Controllers\Frontend\Homepage\Home->index()
#8 G:\OSPanel_6.0.0\home\qmahp.local\vendor\codeigniter4\framework\system\CodeIgniter.php(404): CodeIgniter\CodeIgniter->runController(Object(App\Controllers\Frontend\Homepage\Home))
#9 G:\OSPanel_6.0.0\home\qmahp.local\vendor\codeigniter4\framework\system\CodeIgniter.php(312): CodeIgniter\CodeIgniter->handleRequest(NULL, Object(Config\Cache), false)
#10 G:\OSPanel_6.0.0\home\qmahp.local\index.php(47): CodeIgniter\CodeIgniter->run()
#11 {main}
CRITICAL - 2025-08-30 13:56:50 --> Undefined index: chungtay_link
#0 G:\OSPanel_6.0.0\home\qmahp.local\app\Views\frontend\homepage\common\header.php(52): CodeIgniter\Debug\Exceptions->errorHandler(8, 'Undefined index...', 'G:\\OSPanel_6.0....', 52, Array)
#1 G:\OSPanel_6.0.0\home\qmahp.local\vendor\codeigniter4\framework\system\View\View.php(246): include('G:\\OSPanel_6.0....')
#2 G:\OSPanel_6.0.0\home\qmahp.local\vendor\codeigniter4\framework\system\Common.php(1119): CodeIgniter\View\View->render('frontend/homepa...', Array, true)
#3 G:\OSPanel_6.0.0\home\qmahp.local\app\Views\frontend\homepage\layout\home.php(69): view('frontend/homepa...')
#4 G:\OSPanel_6.0.0\home\qmahp.local\vendor\codeigniter4\framework\system\View\View.php(246): include('G:\\OSPanel_6.0....')
#5 G:\OSPanel_6.0.0\home\qmahp.local\vendor\codeigniter4\framework\system\Common.php(1119): CodeIgniter\View\View->render('frontend/homepa...', Array, true)
#6 G:\OSPanel_6.0.0\home\qmahp.local\app\Controllers\Frontend\Homepage\Home.php(104): view('frontend/homepa...', Array)
#7 G:\OSPanel_6.0.0\home\qmahp.local\vendor\codeigniter4\framework\system\CodeIgniter.php(918): App\Controllers\Frontend\Homepage\Home->index()
#8 G:\OSPanel_6.0.0\home\qmahp.local\vendor\codeigniter4\framework\system\CodeIgniter.php(404): CodeIgniter\CodeIgniter->runController(Object(App\Controllers\Frontend\Homepage\Home))
#9 G:\OSPanel_6.0.0\home\qmahp.local\vendor\codeigniter4\framework\system\CodeIgniter.php(312): CodeIgniter\CodeIgniter->handleRequest(NULL, Object(Config\Cache), false)
#10 G:\OSPanel_6.0.0\home\qmahp.local\index.php(47): CodeIgniter\CodeIgniter->run()
#11 {main}
CRITICAL - 2025-08-30 13:57:13 --> Undefined index: chungtay_link
#0 G:\OSPanel_6.0.0\home\qmahp.local\app\Views\frontend\homepage\common\header.php(88): CodeIgniter\Debug\Exceptions->errorHandler(8, 'Undefined index...', 'G:\\OSPanel_6.0....', 88, Array)
#1 G:\OSPanel_6.0.0\home\qmahp.local\vendor\codeigniter4\framework\system\View\View.php(246): include('G:\\OSPanel_6.0....')
#2 G:\OSPanel_6.0.0\home\qmahp.local\vendor\codeigniter4\framework\system\Common.php(1119): CodeIgniter\View\View->render('frontend/homepa...', Array, true)
#3 G:\OSPanel_6.0.0\home\qmahp.local\app\Views\frontend\homepage\layout\home.php(69): view('frontend/homepa...')
#4 G:\OSPanel_6.0.0\home\qmahp.local\vendor\codeigniter4\framework\system\View\View.php(246): include('G:\\OSPanel_6.0....')
#5 G:\OSPanel_6.0.0\home\qmahp.local\vendor\codeigniter4\framework\system\Common.php(1119): CodeIgniter\View\View->render('frontend/homepa...', Array, true)
#6 G:\OSPanel_6.0.0\home\qmahp.local\app\Controllers\Frontend\Homepage\Home.php(104): view('frontend/homepa...', Array)
#7 G:\OSPanel_6.0.0\home\qmahp.local\vendor\codeigniter4\framework\system\CodeIgniter.php(918): App\Controllers\Frontend\Homepage\Home->index()
#8 G:\OSPanel_6.0.0\home\qmahp.local\vendor\codeigniter4\framework\system\CodeIgniter.php(404): CodeIgniter\CodeIgniter->runController(Object(App\Controllers\Frontend\Homepage\Home))
#9 G:\OSPanel_6.0.0\home\qmahp.local\vendor\codeigniter4\framework\system\CodeIgniter.php(312): CodeIgniter\CodeIgniter->handleRequest(NULL, Object(Config\Cache), false)
#10 G:\OSPanel_6.0.0\home\qmahp.local\index.php(47): CodeIgniter\CodeIgniter->run()
#11 {main}
CRITICAL - 2025-08-30 13:57:31 --> Cannot redeclare render_offcanvas() (previously declared in G:\OSPanel_6.0.0\home\qmahp.local\app\Views\frontend\homepage\common\offcanvas.php:29)
#0 [internal function]: CodeIgniter\Debug\Exceptions->shutdownHandler()
#1 {main}
CRITICAL - 2025-08-30 13:58:31 --> Cannot redeclare render_offcanvas() (previously declared in G:\OSPanel_6.0.0\home\qmahp.local\app\Views\frontend\homepage\common\offcanvas.php:29)
#0 [internal function]: CodeIgniter\Debug\Exceptions->shutdownHandler()
#1 {main}
